<?xml version="1.0" encoding="UTF-8"?>
<!-- Generated by org.testng.reporters.JUnitXMLReporter -->
<testsuite ignored="0" hostname="LAPTOP-5KMFOFH9" failures="0" tests="4" name="Default test" time="28.473" errors="0" timestamp="2023-11-11T08:41:10 IST">
  <testcase classname="webTest.DashboardPageTest" name="verifyAdmin" time="3.246"/>
  <testcase classname="webTest.DashboardPageTest" name="VerifySearchWithUsername" time="3.815"/>
  <testcase classname="webTest.DashboardPageTest" name="VerifySerchWithUserRole" time="2.812"/>
  <testcase classname="webTest.DashboardPageTest" name="VerifySerchWithUserStatus" time="2.669"/>
</testsuite> <!-- Default test -->
