<?xml version="1.0" encoding="UTF-8"?>
<testng-results ignored="0" total="4" passed="4" failed="0" skipped="0">
  <reporter-output>
  </reporter-output>
  <suite started-at="2023-11-11T08:40:42 IST" name="Default suite" finished-at="2023-11-11T08:41:10 IST" duration-ms="28473">
    <groups>
    </groups>
    <test started-at="2023-11-11T08:40:42 IST" name="Default test" finished-at="2023-11-11T08:41:10 IST" duration-ms="28473">
      <class name="webTest.DashboardPageTest">
        <test-method is-config="true" signature="setUp()[pri:0, instance:webTest.DashboardPageTest@4c4d27c8]" started-at="2023-11-11T08:40:42 IST" name="setUp" finished-at="2023-11-11T08:40:57 IST" duration-ms="14883" status="PASS">
          <reporter-output>
          </reporter-output>
        </test-method> <!-- setUp -->
        <test-method is-config="true" signature="pageSetup()[pri:0, instance:webTest.DashboardPageTest@4c4d27c8]" started-at="2023-11-11T08:40:57 IST" name="pageSetup" finished-at="2023-11-11T08:40:58 IST" duration-ms="964" status="PASS">
          <reporter-output>
          </reporter-output>
        </test-method> <!-- pageSetup -->
        <test-method signature="verifyAdmin()[pri:1, instance:webTest.DashboardPageTest@4c4d27c8]" started-at="2023-11-11T08:40:58 IST" name="verifyAdmin" finished-at="2023-11-11T08:41:01 IST" duration-ms="3246" status="PASS">
          <reporter-output>
          </reporter-output>
        </test-method> <!-- verifyAdmin -->
        <test-method signature="VerifySearchWithUsername()[pri:2, instance:webTest.DashboardPageTest@4c4d27c8]" started-at="2023-11-11T08:41:01 IST" name="VerifySearchWithUsername" finished-at="2023-11-11T08:41:05 IST" duration-ms="3815" status="PASS">
          <reporter-output>
          </reporter-output>
        </test-method> <!-- VerifySearchWithUsername -->
        <test-method signature="VerifySerchWithUserRole()[pri:3, instance:webTest.DashboardPageTest@4c4d27c8]" started-at="2023-11-11T08:41:05 IST" name="VerifySerchWithUserRole" finished-at="2023-11-11T08:41:08 IST" duration-ms="2812" status="PASS">
          <reporter-output>
          </reporter-output>
        </test-method> <!-- VerifySerchWithUserRole -->
        <test-method signature="VerifySerchWithUserStatus()[pri:4, instance:webTest.DashboardPageTest@4c4d27c8]" started-at="2023-11-11T08:41:08 IST" name="VerifySerchWithUserStatus" finished-at="2023-11-11T08:41:10 IST" duration-ms="2669" status="PASS">
          <reporter-output>
          </reporter-output>
        </test-method> <!-- VerifySerchWithUserStatus -->
      </class> <!-- webTest.DashboardPageTest -->
    </test> <!-- Default test -->
  </suite> <!-- Default suite -->
</testng-results>
